Results Summary:

OVERALL:
-----------------
R2   : 0.6312 ± 0.0016
MAE  : 0.8774 ± 0.0013
p1mag: 0.6781 ± 0.0025

OOD_CLUSTER_99:
-----------------
R2   : 0.4712 ± 0.0037
MAE  : 0.9924 ± 0.0021
p1mag: 0.6036 ± 0.0036

OOD_CLUSTER_80:
-----------------
R2   : 0.3841 ± 0.0047
MAE  : 1.0423 ± 0.0026
p1mag: 0.5738 ± 0.0000

OOD_CLUSTER_60:
-----------------
R2   : 0.3571 ± 0.0050
MAE  : 1.0428 ± 0.0024
p1mag: 0.5792 ± 0.0050

OOD_CLUSTER_40:
-----------------
R2   : 0.3929 ± 0.0061
MAE  : 1.0374 ± 0.0033
p1mag: 0.5643 ± 0.0071
Results saved to ./reproduce_results/ki_analysis-summary.csv
