Results Summary:

OVERALL:
-----------------
R2   : 0.6457 ± 0.0029
MAE  : 0.5534 ± 0.0056
p1mag: 0.8419 ± 0.0029

OOD_CLUSTER_99:
-----------------
R2   : 0.5376 ± 0.0014
MAE  : 0.6502 ± 0.0016
p1mag: 0.7881 ± 0.0052

OOD_CLUSTER_80:
-----------------
R2   : 0.5467 ± 0.0016
MAE  : 0.6604 ± 0.0009
p1mag: 0.7750 ± 0.0039

OOD_CLUSTER_60:
-----------------
R2   : 0.5443 ± 0.0006
MAE  : 0.6930 ± 0.0023
p1mag: 0.7465 ± 0.0018

OOD_CLUSTER_40:
-----------------
R2   : 0.4807 ± 0.0018
MAE  : 0.7722 ± 0.0055
p1mag: 0.6965 ± 0.0087
Results saved to ./reproduce_results/km_analysis-summary.csv
